<?xml version="1.0" encoding="UTF-8"?>
<testng-results skipped="0" failed="0" ignored="0" total="1" passed="1">
  <reporter-output>
  </reporter-output>
  <suite name="Suite" duration-ms="16299" started-at="2022-06-18T19:43:07 IST" finished-at="2022-06-18T19:43:23 IST">
    <groups>
    </groups>
    <test name="Test" duration-ms="16299" started-at="2022-06-18T19:43:07 IST" finished-at="2022-06-18T19:43:23 IST">
      <class name="com.testcases.LoginTestCase">
        <test-method status="PASS" signature="LoginTest()[pri:0, instance:com.testcases.LoginTestCase@3bfdc050]" name="LoginTest" duration-ms="16184" started-at="2022-06-18T19:43:07 IST" finished-at="2022-06-18T19:43:23 IST">
          <reporter-output>
          </reporter-output>
        </test-method> <!-- LoginTest -->
      </class> <!-- com.testcases.LoginTestCase -->
    </test> <!-- Test -->
  </suite> <!-- Suite -->
</testng-results>
